
22-08-2022 08:55:36 [imartinovic.wppsbootcamp.com][info] Parent plugin start installation!
22-08-2022 08:55:36 [imartinovic.wppsbootcamp.com][info] Plugin installation: try create plugin tables.
																	-DB Version: 0
																	-Plugin Version in DB: 0
																	-Current Plugin Version: 1.5.6
22-08-2022 08:55:36 [imartinovic.wppsbootcamp.com][info] Parent plugin installation complete!
-------------------------------
22-08-2022 08:55:50 [imartinovic.wppsbootcamp.com][info] Try to create backup directory. Backup dir: (/home/imartinovic/public_html/portfolio/wp-content/uploads/wio_backup)
-------------------------------
22-08-2022 08:56:09 [imartinovic.wppsbootcamp.com][info] Start bulk optimization process! Scope: media-library
22-08-2022 08:56:09 [imartinovic.wppsbootcamp.com][info] Try to create backup directory. Backup dir: (/home/imartinovic/public_html/portfolio/wp-content/uploads/wio_backup/2022/08)
22-08-2022 08:56:09 [imartinovic.wppsbootcamp.com][info] Preparing to upload a file (/home/imartinovic/public_html/portfolio/wp-content/uploads/2022/08/imartinovic.wppsbootcamp.com_vezbaPonedeljak_.png) to a remote server (server_1).
22-08-2022 08:56:11 [imartinovic.wppsbootcamp.com][info] File successfully uploaded to remote server (server_1).
22-08-2022 08:56:11 [imartinovic.wppsbootcamp.com][info] Preparing to upload a file (/home/imartinovic/public_html/portfolio/wp-content/uploads/2022/08/imartinovic.wppsbootcamp.com_vezbaPonedeljak_-150x150.png) to a remote server (server_1).
22-08-2022 08:56:11 [imartinovic.wppsbootcamp.com][info] File successfully uploaded to remote server (server_1).
22-08-2022 08:56:11 [imartinovic.wppsbootcamp.com][info] Preparing to upload a file (/home/imartinovic/public_html/portfolio/wp-content/uploads/2022/08/imartinovic.wppsbootcamp.com_vezbaPonedeljak_-274x300.png) to a remote server (server_1).
22-08-2022 08:56:12 [imartinovic.wppsbootcamp.com][info] File successfully uploaded to remote server (server_1).
22-08-2022 08:56:12 [imartinovic.wppsbootcamp.com][debug] New queue created #1, attributes values: {&quot;server_id&quot;:null,&quot;object_id&quot;:&quot;12&quot;,&quot;object_name&quot;:&quot;&quot;,&quot;item_type&quot;:&quot;attachment&quot;,&quot;item_hash&quot;:null,&quot;item_hash_alternative&quot;:null,&quot;result_status&quot;:&quot;success&quot;,&quot;processing_level&quot;:&quot;normal&quot;,&quot;is_backed_up&quot;:true,&quot;original_size&quot;:1640979,&quot;final_size&quot;:466154,&quot;original_mime_type&quot;:&quot;image\/png&quot;,&quot;final_mime_type&quot;:&quot;image\/png&quot;,&quot;extra_data&quot;:&quot;{\&quot;thumbnails_count\&quot;:2,\&quot;original_main_size\&quot;:1482488,\&quot;class\&quot;:\&quot;RIO_Attachment_Extra_Data\&quot;}&quot;,&quot;created_at&quot;:1661158572}
22-08-2022 08:56:12 [imartinovic.wppsbootcamp.com][info] End bulk optimization process! Scope: media-library. Remain: 30
-------------------------------
22-08-2022 08:56:12 [imartinovic.wppsbootcamp.com][info] Start bulk optimization process! Scope: media-library
22-08-2022 08:56:13 [imartinovic.wppsbootcamp.com][info] Preparing to upload a file (/home/imartinovic/public_html/portfolio/wp-content/uploads/2022/08/imartinovic.wppsbootcamp.com_vezbaPonedeljak_blog_.png) to a remote server (server_1).
22-08-2022 08:56:14 [imartinovic.wppsbootcamp.com][info] File successfully uploaded to remote server (server_1).
22-08-2022 08:56:14 [imartinovic.wppsbootcamp.com][info] Preparing to upload a file (/home/imartinovic/public_html/portfolio/wp-content/uploads/2022/08/imartinovic.wppsbootcamp.com_vezbaPonedeljak_blog_-150x150.png) to a remote server (server_1).
22-08-2022 08:56:14 [imartinovic.wppsbootcamp.com][info] File successfully uploaded to remote server (server_1).
22-08-2022 08:56:14 [imartinovic.wppsbootcamp.com][info] Preparing to upload a file (/home/imartinovic/public_html/portfolio/wp-content/uploads/2022/08/imartinovic.wppsbootcamp.com_vezbaPonedeljak_blog_-174x300.png) to a remote server (server_1).
22-08-2022 08:56:15 [imartinovic.wppsbootcamp.com][info] File successfully uploaded to remote server (server_1).
22-08-2022 08:56:15 [imartinovic.wppsbootcamp.com][debug] New queue created #2, attributes values: {&quot;server_id&quot;:null,&quot;object_id&quot;:&quot;13&quot;,&quot;object_name&quot;:&quot;&quot;,&quot;item_type&quot;:&quot;attachment&quot;,&quot;item_hash&quot;:null,&quot;item_hash_alternative&quot;:null,&quot;result_status&quot;:&quot;success&quot;,&quot;processing_level&quot;:&quot;normal&quot;,&quot;is_backed_up&quot;:true,&quot;original_size&quot;:1651909,&quot;final_size&quot;:360176,&quot;original_mime_type&quot;:&quot;image\/png&quot;,&quot;final_mime_type&quot;:&quot;image\/png&quot;,&quot;extra_data&quot;:&quot;{\&quot;thumbnails_count\&quot;:2,\&quot;original_main_size\&quot;:1562238,\&quot;class\&quot;:\&quot;RIO_Attachment_Extra_Data\&quot;}&quot;,&quot;created_at&quot;:1661158575}
22-08-2022 08:56:15 [imartinovic.wppsbootcamp.com][info] End bulk optimization process! Scope: media-library. Remain: 29
-------------------------------
22-08-2022 08:56:16 [imartinovic.wppsbootcamp.com][info] Start bulk optimization process! Scope: media-library
22-08-2022 08:56:16 [imartinovic.wppsbootcamp.com][info] Preparing to upload a file (/home/imartinovic/public_html/portfolio/wp-content/uploads/2022/08/imartinovic.wppsbootcamp.com_vezbaPonedeljak_kontakt_.png) to a remote server (server_1).
22-08-2022 08:56:16 [imartinovic.wppsbootcamp.com][info] File successfully uploaded to remote server (server_1).
22-08-2022 08:56:16 [imartinovic.wppsbootcamp.com][info] Preparing to upload a file (/home/imartinovic/public_html/portfolio/wp-content/uploads/2022/08/imartinovic.wppsbootcamp.com_vezbaPonedeljak_kontakt_-150x150.png) to a remote server (server_1).
22-08-2022 08:56:16 [imartinovic.wppsbootcamp.com][info] File successfully uploaded to remote server (server_1).
22-08-2022 08:56:16 [imartinovic.wppsbootcamp.com][info] Preparing to upload a file (/home/imartinovic/public_html/portfolio/wp-content/uploads/2022/08/imartinovic.wppsbootcamp.com_vezbaPonedeljak_kontakt_-300x256.png) to a remote server (server_1).
22-08-2022 08:56:16 [imartinovic.wppsbootcamp.com][info] File successfully uploaded to remote server (server_1).
22-08-2022 08:56:16 [imartinovic.wppsbootcamp.com][debug] New queue created #3, attributes values: {&quot;server_id&quot;:null,&quot;object_id&quot;:&quot;14&quot;,&quot;object_name&quot;:&quot;&quot;,&quot;item_type&quot;:&quot;attachment&quot;,&quot;item_hash&quot;:null,&quot;item_hash_alternative&quot;:null,&quot;result_status&quot;:&quot;success&quot;,&quot;processing_level&quot;:&quot;normal&quot;,&quot;is_backed_up&quot;:true,&quot;original_size&quot;:438433,&quot;final_size&quot;:153842,&quot;original_mime_type&quot;:&quot;image\/png&quot;,&quot;final_mime_type&quot;:&quot;image\/png&quot;,&quot;extra_data&quot;:&quot;{\&quot;thumbnails_count\&quot;:2,\&quot;original_main_size\&quot;:350765,\&quot;class\&quot;:\&quot;RIO_Attachment_Extra_Data\&quot;}&quot;,&quot;created_at&quot;:1661158576}
22-08-2022 08:56:16 [imartinovic.wppsbootcamp.com][info] End bulk optimization process! Scope: media-library. Remain: 28
-------------------------------
22-08-2022 08:56:17 [imartinovic.wppsbootcamp.com][info] Start bulk optimization process! Scope: media-library
22-08-2022 08:56:17 [imartinovic.wppsbootcamp.com][debug] New queue created #4, attributes values: {&quot;server_id&quot;:null,&quot;object_id&quot;:&quot;23&quot;,&quot;object_name&quot;:&quot;&quot;,&quot;item_type&quot;:&quot;attachment&quot;,&quot;item_hash&quot;:null,&quot;item_hash_alternative&quot;:null,&quot;result_status&quot;:&quot;error&quot;,&quot;processing_level&quot;:&quot;normal&quot;,&quot;is_backed_up&quot;:false,&quot;original_size&quot;:0,&quot;final_size&quot;:0,&quot;original_mime_type&quot;:&quot;&quot;,&quot;final_mime_type&quot;:&quot;&quot;,&quot;extra_data&quot;:&quot;{\&quot;error\&quot;:\&quot;path\&quot;,\&quot;error_msg\&quot;:\&quot;Attachment cannot be optimized. File \\\&quot;(\\\/home\\\/imartinovic\\\/public_html\\\/portfolio\\\/wp-content\\\/uploads\\\/2022\\\/08\\\/imartinovic.wppsbootcamp.com_trpkovic_.png)\\\&quot; doesn't exist\&quot;,\&quot;class\&quot;:\&quot;RIO_Attachment_Extra_Data\&quot;}&quot;,&quot;created_at&quot;:1661158577}
22-08-2022 08:56:17 [imartinovic.wppsbootcamp.com][error] Failed to find original attachment #23 located in *empty path*. Skipping optimization. This may be caused due to bug in wp_get_attachment_metadata() function, which returns false for attachment meta
22-08-2022 08:56:17 [imartinovic.wppsbootcamp.com][info] End bulk optimization process! Scope: media-library. Remain: 27
-------------------------------
22-08-2022 08:56:17 [imartinovic.wppsbootcamp.com][info] Start bulk optimization process! Scope: media-library
22-08-2022 08:56:17 [imartinovic.wppsbootcamp.com][debug] New queue created #5, attributes values: {&quot;server_id&quot;:null,&quot;object_id&quot;:&quot;24&quot;,&quot;object_name&quot;:&quot;&quot;,&quot;item_type&quot;:&quot;attachment&quot;,&quot;item_hash&quot;:null,&quot;item_hash_alternative&quot;:null,&quot;result_status&quot;:&quot;error&quot;,&quot;processing_level&quot;:&quot;normal&quot;,&quot;is_backed_up&quot;:false,&quot;original_size&quot;:0,&quot;final_size&quot;:0,&quot;original_mime_type&quot;:&quot;&quot;,&quot;final_mime_type&quot;:&quot;&quot;,&quot;extra_data&quot;:&quot;{\&quot;error\&quot;:\&quot;path\&quot;,\&quot;error_msg\&quot;:\&quot;Attachment cannot be optimized. File \\\&quot;(\\\/home\\\/imartinovic\\\/public_html\\\/portfolio\\\/wp-content\\\/uploads\\\/2022\\\/08\\\/imartinovic.wppsbootcamp.com_trpkovic_kontakt_.png)\\\&quot; doesn't exist\&quot;,\&quot;class\&quot;:\&quot;RIO_Attachment_Extra_Data\&quot;}&quot;,&quot;created_at&quot;:1661158577}
22-08-2022 08:56:17 [imartinovic.wppsbootcamp.com][error] Failed to find original attachment #24 located in *empty path*. Skipping optimization. This may be caused due to bug in wp_get_attachment_metadata() function, which returns false for attachment meta
22-08-2022 08:56:17 [imartinovic.wppsbootcamp.com][info] End bulk optimization process! Scope: media-library. Remain: 26
-------------------------------
22-08-2022 08:56:17 [imartinovic.wppsbootcamp.com][info] Start bulk optimization process! Scope: media-library
22-08-2022 08:56:17 [imartinovic.wppsbootcamp.com][debug] New queue created #6, attributes values: {&quot;server_id&quot;:null,&quot;object_id&quot;:&quot;25&quot;,&quot;object_name&quot;:&quot;&quot;,&quot;item_type&quot;:&quot;attachment&quot;,&quot;item_hash&quot;:null,&quot;item_hash_alternative&quot;:null,&quot;result_status&quot;:&quot;error&quot;,&quot;processing_level&quot;:&quot;normal&quot;,&quot;is_backed_up&quot;:false,&quot;original_size&quot;:0,&quot;final_size&quot;:0,&quot;original_mime_type&quot;:&quot;&quot;,&quot;final_mime_type&quot;:&quot;&quot;,&quot;extra_data&quot;:&quot;{\&quot;error\&quot;:\&quot;path\&quot;,\&quot;error_msg\&quot;:\&quot;Attachment cannot be optimized. File \\\&quot;(\\\/home\\\/imartinovic\\\/public_html\\\/portfolio\\\/wp-content\\\/uploads\\\/2022\\\/08\\\/imartinovic.wppsbootcamp.com_trpkovic_lokacije_.png)\\\&quot; doesn't exist\&quot;,\&quot;class\&quot;:\&quot;RIO_Attachment_Extra_Data\&quot;}&quot;,&quot;created_at&quot;:1661158577}
22-08-2022 08:56:17 [imartinovic.wppsbootcamp.com][error] Failed to find original attachment #25 located in *empty path*. Skipping optimization. This may be caused due to bug in wp_get_attachment_metadata() function, which returns false for attachment meta
22-08-2022 08:56:17 [imartinovic.wppsbootcamp.com][info] End bulk optimization process! Scope: media-library. Remain: 25
-------------------------------
22-08-2022 08:56:17 [imartinovic.wppsbootcamp.com][info] Start bulk optimization process! Scope: media-library
22-08-2022 08:56:17 [imartinovic.wppsbootcamp.com][debug] New queue created #7, attributes values: {&quot;server_id&quot;:null,&quot;object_id&quot;:&quot;86&quot;,&quot;object_name&quot;:&quot;&quot;,&quot;item_type&quot;:&quot;attachment&quot;,&quot;item_hash&quot;:null,&quot;item_hash_alternative&quot;:null,&quot;result_status&quot;:&quot;error&quot;,&quot;processing_level&quot;:&quot;normal&quot;,&quot;is_backed_up&quot;:false,&quot;original_size&quot;:0,&quot;final_size&quot;:0,&quot;original_mime_type&quot;:&quot;&quot;,&quot;final_mime_type&quot;:&quot;&quot;,&quot;extra_data&quot;:&quot;{\&quot;error\&quot;:\&quot;path\&quot;,\&quot;error_msg\&quot;:\&quot;Attachment cannot be optimized. File \\\&quot;(\\\/home\\\/imartinovic\\\/public_html\\\/portfolio\\\/wp-content\\\/uploads\\\/2022\\\/08\\\/Black-and-white-Modern-Elegant-Calligraphy-Initials-Logo.png)\\\&quot; doesn't exist\&quot;,\&quot;class\&quot;:\&quot;RIO_Attachment_Extra_Data\&quot;}&quot;,&quot;created_at&quot;:1661158577}
22-08-2022 08:56:17 [imartinovic.wppsbootcamp.com][error] Failed to find original attachment #86 located in *empty path*. Skipping optimization. This may be caused due to bug in wp_get_attachment_metadata() function, which returns false for attachment meta
22-08-2022 08:56:17 [imartinovic.wppsbootcamp.com][info] End bulk optimization process! Scope: media-library. Remain: 24
-------------------------------
22-08-2022 08:56:17 [imartinovic.wppsbootcamp.com][info] Start bulk optimization process! Scope: media-library
22-08-2022 08:56:17 [imartinovic.wppsbootcamp.com][debug] New queue created #8, attributes values: {&quot;server_id&quot;:null,&quot;object_id&quot;:&quot;87&quot;,&quot;object_name&quot;:&quot;&quot;,&quot;item_type&quot;:&quot;attachment&quot;,&quot;item_hash&quot;:null,&quot;item_hash_alternative&quot;:null,&quot;result_status&quot;:&quot;error&quot;,&quot;processing_level&quot;:&quot;normal&quot;,&quot;is_backed_up&quot;:false,&quot;original_size&quot;:0,&quot;final_size&quot;:0,&quot;original_mime_type&quot;:&quot;&quot;,&quot;final_mime_type&quot;:&quot;&quot;,&quot;extra_data&quot;:&quot;{\&quot;error\&quot;:\&quot;path\&quot;,\&quot;error_msg\&quot;:\&quot;Attachment cannot be optimized. File \\\&quot;(\\\/home\\\/imartinovic\\\/public_html\\\/portfolio\\\/wp-content\\\/uploads\\\/2022\\\/08\\\/cropped-Black-and-white-Modern-Elegant-Calligraphy-Initials-Logo.png)\\\&quot; doesn't exist\&quot;,\&quot;class\&quot;:\&quot;RIO_Attachment_Extra_Data\&quot;}&quot;,&quot;created_at&quot;:1661158577}
22-08-2022 08:56:17 [imartinovic.wppsbootcamp.com][error] Failed to find original attachment #87 located in *empty path*. Skipping optimization. This may be caused due to bug in wp_get_attachment_metadata() function, which returns false for attachment meta
22-08-2022 08:56:17 [imartinovic.wppsbootcamp.com][info] End bulk optimization process! Scope: media-library. Remain: 23
-------------------------------
22-08-2022 08:56:17 [imartinovic.wppsbootcamp.com][info] Start bulk optimization process! Scope: media-library
22-08-2022 08:56:17 [imartinovic.wppsbootcamp.com][debug] New queue created #9, attributes values: {&quot;server_id&quot;:null,&quot;object_id&quot;:&quot;88&quot;,&quot;object_name&quot;:&quot;&quot;,&quot;item_type&quot;:&quot;attachment&quot;,&quot;item_hash&quot;:null,&quot;item_hash_alternative&quot;:null,&quot;result_status&quot;:&quot;error&quot;,&quot;processing_level&quot;:&quot;normal&quot;,&quot;is_backed_up&quot;:false,&quot;original_size&quot;:0,&quot;final_size&quot;:0,&quot;original_mime_type&quot;:&quot;&quot;,&quot;final_mime_type&quot;:&quot;&quot;,&quot;extra_data&quot;:&quot;{\&quot;error\&quot;:\&quot;path\&quot;,\&quot;error_msg\&quot;:\&quot;Attachment cannot be optimized. File \\\&quot;(\\\/home\\\/imartinovic\\\/public_html\\\/portfolio\\\/wp-content\\\/uploads\\\/2022\\\/08\\\/Minimalist-Simple-Initial-logo.png)\\\&quot; doesn't exist\&quot;,\&quot;class\&quot;:\&quot;RIO_Attachment_Extra_Data\&quot;}&quot;,&quot;created_at&quot;:1661158577}
22-08-2022 08:56:17 [imartinovic.wppsbootcamp.com][error] Failed to find original attachment #88 located in *empty path*. Skipping optimization. This may be caused due to bug in wp_get_attachment_metadata() function, which returns false for attachment meta
22-08-2022 08:56:17 [imartinovic.wppsbootcamp.com][info] End bulk optimization process! Scope: media-library. Remain: 22
-------------------------------
22-08-2022 08:56:17 [imartinovic.wppsbootcamp.com][info] Start bulk optimization process! Scope: media-library
22-08-2022 08:56:17 [imartinovic.wppsbootcamp.com][info] Preparing to upload a file (/home/imartinovic/public_html/portfolio/wp-content/uploads/2022/08/WordPress-logotype-alternative.png) to a remote server (server_1).
22-08-2022 08:56:18 [imartinovic.wppsbootcamp.com][info] File successfully uploaded to remote server (server_1).
22-08-2022 08:56:18 [imartinovic.wppsbootcamp.com][info] Preparing to upload a file (/home/imartinovic/public_html/portfolio/wp-content/uploads/2022/08/WordPress-logotype-alternative-150x150.png) to a remote server (server_1).
22-08-2022 08:56:18 [imartinovic.wppsbootcamp.com][info] File successfully uploaded to remote server (server_1).
22-08-2022 08:56:18 [imartinovic.wppsbootcamp.com][info] Preparing to upload a file (/home/imartinovic/public_html/portfolio/wp-content/uploads/2022/08/WordPress-logotype-alternative-300x162.png) to a remote server (server_1).
22-08-2022 08:56:18 [imartinovic.wppsbootcamp.com][info] File successfully uploaded to remote server (server_1).
22-08-2022 08:56:18 [imartinovic.wppsbootcamp.com][debug] New queue created #10, attributes values: {&quot;server_id&quot;:null,&quot;object_id&quot;:&quot;98&quot;,&quot;object_name&quot;:&quot;&quot;,&quot;item_type&quot;:&quot;attachment&quot;,&quot;item_hash&quot;:null,&quot;item_hash_alternative&quot;:null,&quot;result_status&quot;:&quot;success&quot;,&quot;processing_level&quot;:&quot;normal&quot;,&quot;is_backed_up&quot;:true,&quot;original_size&quot;:152816,&quot;final_size&quot;:43201,&quot;original_mime_type&quot;:&quot;image\/png&quot;,&quot;final_mime_type&quot;:&quot;image\/png&quot;,&quot;extra_data&quot;:&quot;{\&quot;thumbnails_count\&quot;:2,\&quot;original_main_size\&quot;:134939,\&quot;class\&quot;:\&quot;RIO_Attachment_Extra_Data\&quot;}&quot;,&quot;created_at&quot;:1661158578}
22-08-2022 08:56:18 [imartinovic.wppsbootcamp.com][info] End bulk optimization process! Scope: media-library. Remain: 21
-------------------------------
22-08-2022 08:56:18 [imartinovic.wppsbootcamp.com][info] Start bulk optimization process! Scope: media-library
22-08-2022 08:56:18 [imartinovic.wppsbootcamp.com][info] Preparing to upload a file (/home/imartinovic/public_html/portfolio/wp-content/uploads/2022/08/o-autoru.jpg) to a remote server (server_1).
22-08-2022 08:56:19 [imartinovic.wppsbootcamp.com][info] File successfully uploaded to remote server (server_1).
22-08-2022 08:56:19 [imartinovic.wppsbootcamp.com][info] Preparing to upload a file (/home/imartinovic/public_html/portfolio/wp-content/uploads/2022/08/o-autoru-150x150.jpg) to a remote server (server_1).
22-08-2022 08:56:19 [imartinovic.wppsbootcamp.com][info] File successfully uploaded to remote server (server_1).
22-08-2022 08:56:19 [imartinovic.wppsbootcamp.com][info] Preparing to upload a file (/home/imartinovic/public_html/portfolio/wp-content/uploads/2022/08/o-autoru-300x300.jpg) to a remote server (server_1).
22-08-2022 08:56:19 [imartinovic.wppsbootcamp.com][info] File successfully uploaded to remote server (server_1).
22-08-2022 08:56:19 [imartinovic.wppsbootcamp.com][debug] New queue created #11, attributes values: {&quot;server_id&quot;:null,&quot;object_id&quot;:&quot;137&quot;,&quot;object_name&quot;:&quot;&quot;,&quot;item_type&quot;:&quot;attachment&quot;,&quot;item_hash&quot;:null,&quot;item_hash_alternative&quot;:null,&quot;result_status&quot;:&quot;success&quot;,&quot;processing_level&quot;:&quot;normal&quot;,&quot;is_backed_up&quot;:true,&quot;original_size&quot;:117189,&quot;final_size&quot;:117189,&quot;original_mime_type&quot;:&quot;image\/jpeg&quot;,&quot;final_mime_type&quot;:&quot;image\/jpeg&quot;,&quot;extra_data&quot;:&quot;{\&quot;thumbnails_count\&quot;:2,\&quot;original_main_size\&quot;:98785,\&quot;class\&quot;:\&quot;RIO_Attachment_Extra_Data\&quot;}&quot;,&quot;created_at&quot;:1661158579}
22-08-2022 08:56:19 [imartinovic.wppsbootcamp.com][info] End bulk optimization process! Scope: media-library. Remain: 20
-------------------------------
22-08-2022 08:56:19 [imartinovic.wppsbootcamp.com][info] Start bulk optimization process! Scope: media-library
22-08-2022 08:56:19 [imartinovic.wppsbootcamp.com][info] Preparing to upload a file (/home/imartinovic/public_html/portfolio/wp-content/uploads/2022/08/sergey-zolkin-_UeY8aTI6d0-unsplash-scaled.jpg) to a remote server (server_1).
22-08-2022 08:56:20 [imartinovic.wppsbootcamp.com][info] File successfully uploaded to remote server (server_1).
22-08-2022 08:56:20 [imartinovic.wppsbootcamp.com][info] Preparing to upload a file (/home/imartinovic/public_html/portfolio/wp-content/uploads/2022/08/sergey-zolkin-_UeY8aTI6d0-unsplash-150x150.jpg) to a remote server (server_1).
22-08-2022 08:56:20 [imartinovic.wppsbootcamp.com][info] File successfully uploaded to remote server (server_1).
22-08-2022 08:56:20 [imartinovic.wppsbootcamp.com][info] Preparing to upload a file (/home/imartinovic/public_html/portfolio/wp-content/uploads/2022/08/sergey-zolkin-_UeY8aTI6d0-unsplash-300x200.jpg) to a remote server (server_1).
22-08-2022 08:56:20 [imartinovic.wppsbootcamp.com][info] File successfully uploaded to remote server (server_1).
22-08-2022 08:56:20 [imartinovic.wppsbootcamp.com][debug] New queue created #12, attributes values: {&quot;server_id&quot;:null,&quot;object_id&quot;:&quot;196&quot;,&quot;object_name&quot;:&quot;&quot;,&quot;item_type&quot;:&quot;attachment&quot;,&quot;item_hash&quot;:null,&quot;item_hash_alternative&quot;:null,&quot;result_status&quot;:&quot;success&quot;,&quot;processing_level&quot;:&quot;normal&quot;,&quot;is_backed_up&quot;:true,&quot;original_size&quot;:319400,&quot;final_size&quot;:142843,&quot;original_mime_type&quot;:&quot;image\/jpeg&quot;,&quot;final_mime_type&quot;:&quot;image\/jpeg&quot;,&quot;extra_data&quot;:&quot;{\&quot;thumbnails_count\&quot;:2,\&quot;original_main_size\&quot;:304493,\&quot;class\&quot;:\&quot;RIO_Attachment_Extra_Data\&quot;}&quot;,&quot;created_at&quot;:1661158580}
22-08-2022 08:56:20 [imartinovic.wppsbootcamp.com][info] End bulk optimization process! Scope: media-library. Remain: 19
-------------------------------
22-08-2022 08:56:20 [imartinovic.wppsbootcamp.com][info] Start bulk optimization process! Scope: media-library
22-08-2022 08:56:20 [imartinovic.wppsbootcamp.com][info] Preparing to upload a file (/home/imartinovic/public_html/portfolio/wp-content/uploads/2022/08/joshua-reddekopp-GkFQEOubrCo-unsplash-scaled.jpg) to a remote server (server_1).
22-08-2022 08:56:21 [imartinovic.wppsbootcamp.com][info] File successfully uploaded to remote server (server_1).
22-08-2022 08:56:21 [imartinovic.wppsbootcamp.com][info] Preparing to upload a file (/home/imartinovic/public_html/portfolio/wp-content/uploads/2022/08/joshua-reddekopp-GkFQEOubrCo-unsplash-150x150.jpg) to a remote server (server_1).
22-08-2022 08:56:21 [imartinovic.wppsbootcamp.com][info] File successfully uploaded to remote server (server_1).
22-08-2022 08:56:21 [imartinovic.wppsbootcamp.com][info] Preparing to upload a file (/home/imartinovic/public_html/portfolio/wp-content/uploads/2022/08/joshua-reddekopp-GkFQEOubrCo-unsplash-300x200.jpg) to a remote server (server_1).
22-08-2022 08:56:21 [imartinovic.wppsbootcamp.com][info] File successfully uploaded to remote server (server_1).
22-08-2022 08:56:21 [imartinovic.wppsbootcamp.com][debug] New queue created #13, attributes values: {&quot;server_id&quot;:null,&quot;object_id&quot;:&quot;236&quot;,&quot;object_name&quot;:&quot;&quot;,&quot;item_type&quot;:&quot;attachment&quot;,&quot;item_hash&quot;:null,&quot;item_hash_alternative&quot;:null,&quot;result_status&quot;:&quot;success&quot;,&quot;processing_level&quot;:&quot;normal&quot;,&quot;is_backed_up&quot;:true,&quot;original_size&quot;:128266,&quot;final_size&quot;:67295,&quot;original_mime_type&quot;:&quot;image\/jpeg&quot;,&quot;final_mime_type&quot;:&quot;image\/jpeg&quot;,&quot;extra_data&quot;:&quot;{\&quot;thumbnails_count\&quot;:2,\&quot;original_main_size\&quot;:120398,\&quot;class\&quot;:\&quot;RIO_Attachment_Extra_Data\&quot;}&quot;,&quot;created_at&quot;:1661158581}
22-08-2022 08:56:21 [imartinovic.wppsbootcamp.com][info] End bulk optimization process! Scope: media-library. Remain: 18
-------------------------------
22-08-2022 08:56:21 [imartinovic.wppsbootcamp.com][info] Start bulk optimization process! Scope: media-library
22-08-2022 08:56:21 [imartinovic.wppsbootcamp.com][info] Preparing to upload a file (/home/imartinovic/public_html/portfolio/wp-content/uploads/2022/08/souvik-banerjee-WPrNEM_6dg-unsplash-scaled.jpg) to a remote server (server_1).
22-08-2022 08:56:22 [imartinovic.wppsbootcamp.com][info] File successfully uploaded to remote server (server_1).
22-08-2022 08:56:22 [imartinovic.wppsbootcamp.com][info] Preparing to upload a file (/home/imartinovic/public_html/portfolio/wp-content/uploads/2022/08/souvik-banerjee-WPrNEM_6dg-unsplash-150x150.jpg) to a remote server (server_1).
22-08-2022 08:56:22 [imartinovic.wppsbootcamp.com][info] File successfully uploaded to remote server (server_1).
22-08-2022 08:56:22 [imartinovic.wppsbootcamp.com][info] Preparing to upload a file (/home/imartinovic/public_html/portfolio/wp-content/uploads/2022/08/souvik-banerjee-WPrNEM_6dg-unsplash-300x200.jpg) to a remote server (server_1).
22-08-2022 08:56:22 [imartinovic.wppsbootcamp.com][info] File successfully uploaded to remote server (server_1).
22-08-2022 08:56:22 [imartinovic.wppsbootcamp.com][debug] New queue created #14, attributes values: {&quot;server_id&quot;:null,&quot;object_id&quot;:&quot;249&quot;,&quot;object_name&quot;:&quot;&quot;,&quot;item_type&quot;:&quot;attachment&quot;,&quot;item_hash&quot;:null,&quot;item_hash_alternative&quot;:null,&quot;result_status&quot;:&quot;success&quot;,&quot;processing_level&quot;:&quot;normal&quot;,&quot;is_backed_up&quot;:true,&quot;original_size&quot;:286390,&quot;final_size&quot;:121679,&quot;original_mime_type&quot;:&quot;image\/jpeg&quot;,&quot;final_mime_type&quot;:&quot;image\/jpeg&quot;,&quot;extra_data&quot;:&quot;{\&quot;thumbnails_count\&quot;:2,\&quot;original_main_size\&quot;:270501,\&quot;class\&quot;:\&quot;RIO_Attachment_Extra_Data\&quot;}&quot;,&quot;created_at&quot;:1661158582}
22-08-2022 08:56:22 [imartinovic.wppsbootcamp.com][info] End bulk optimization process! Scope: media-library. Remain: 17
-------------------------------
22-08-2022 08:56:22 [imartinovic.wppsbootcamp.com][info] Start bulk optimization process! Scope: media-library
22-08-2022 08:56:22 [imartinovic.wppsbootcamp.com][info] Preparing to upload a file (/home/imartinovic/public_html/portfolio/wp-content/uploads/2022/08/trpkovic-kontakt.png) to a remote server (server_1).
22-08-2022 08:56:24 [imartinovic.wppsbootcamp.com][info] File successfully uploaded to remote server (server_1).
22-08-2022 08:56:24 [imartinovic.wppsbootcamp.com][info] Preparing to upload a file (/home/imartinovic/public_html/portfolio/wp-content/uploads/2022/08/trpkovic-kontakt-150x150.png) to a remote server (server_1).
22-08-2022 08:56:24 [imartinovic.wppsbootcamp.com][info] File successfully uploaded to remote server (server_1).
22-08-2022 08:56:24 [imartinovic.wppsbootcamp.com][info] Preparing to upload a file (/home/imartinovic/public_html/portfolio/wp-content/uploads/2022/08/trpkovic-kontakt-300x241.png) to a remote server (server_1).
22-08-2022 08:56:25 [imartinovic.wppsbootcamp.com][info] File successfully uploaded to remote server (server_1).
22-08-2022 08:56:25 [imartinovic.wppsbootcamp.com][debug] New queue created #15, attributes values: {&quot;server_id&quot;:null,&quot;object_id&quot;:&quot;256&quot;,&quot;object_name&quot;:&quot;&quot;,&quot;item_type&quot;:&quot;attachment&quot;,&quot;item_hash&quot;:null,&quot;item_hash_alternative&quot;:null,&quot;result_status&quot;:&quot;success&quot;,&quot;processing_level&quot;:&quot;normal&quot;,&quot;is_backed_up&quot;:true,&quot;original_size&quot;:1733216,&quot;final_size&quot;:486624,&quot;original_mime_type&quot;:&quot;image\/png&quot;,&quot;final_mime_type&quot;:&quot;image\/png&quot;,&quot;extra_data&quot;:&quot;{\&quot;thumbnails_count\&quot;:2,\&quot;original_main_size\&quot;:1595343,\&quot;class\&quot;:\&quot;RIO_Attachment_Extra_Data\&quot;}&quot;,&quot;created_at&quot;:1661158585}
22-08-2022 08:56:25 [imartinovic.wppsbootcamp.com][info] End bulk optimization process! Scope: media-library. Remain: 16
-------------------------------
22-08-2022 08:56:25 [imartinovic.wppsbootcamp.com][info] Start bulk optimization process! Scope: media-library
22-08-2022 08:56:25 [imartinovic.wppsbootcamp.com][info] Preparing to upload a file (/home/imartinovic/public_html/portfolio/wp-content/uploads/2022/08/trpkovic-lokacije.png) to a remote server (server_1).
22-08-2022 08:56:26 [imartinovic.wppsbootcamp.com][info] File successfully uploaded to remote server (server_1).
22-08-2022 08:56:26 [imartinovic.wppsbootcamp.com][info] Preparing to upload a file (/home/imartinovic/public_html/portfolio/wp-content/uploads/2022/08/trpkovic-lokacije-150x150.png) to a remote server (server_1).
22-08-2022 08:56:27 [imartinovic.wppsbootcamp.com][info] File successfully uploaded to remote server (server_1).
22-08-2022 08:56:27 [imartinovic.wppsbootcamp.com][info] Preparing to upload a file (/home/imartinovic/public_html/portfolio/wp-content/uploads/2022/08/trpkovic-lokacije-300x251.png) to a remote server (server_1).
22-08-2022 08:56:27 [imartinovic.wppsbootcamp.com][info] File successfully uploaded to remote server (server_1).
22-08-2022 08:56:27 [imartinovic.wppsbootcamp.com][debug] New queue created #16, attributes values: {&quot;server_id&quot;:null,&quot;object_id&quot;:&quot;257&quot;,&quot;object_name&quot;:&quot;&quot;,&quot;item_type&quot;:&quot;attachment&quot;,&quot;item_hash&quot;:null,&quot;item_hash_alternative&quot;:null,&quot;result_status&quot;:&quot;success&quot;,&quot;processing_level&quot;:&quot;normal&quot;,&quot;is_backed_up&quot;:true,&quot;original_size&quot;:1113292,&quot;final_size&quot;:305277,&quot;original_mime_type&quot;:&quot;image\/png&quot;,&quot;final_mime_type&quot;:&quot;image\/png&quot;,&quot;extra_data&quot;:&quot;{\&quot;thumbnails_count\&quot;:2,\&quot;original_main_size\&quot;:1012884,\&quot;class\&quot;:\&quot;RIO_Attachment_Extra_Data\&quot;}&quot;,&quot;created_at&quot;:1661158587}
22-08-2022 08:56:27 [imartinovic.wppsbootcamp.com][info] End bulk optimization process! Scope: media-library. Remain: 15
-------------------------------
22-08-2022 08:56:27 [imartinovic.wppsbootcamp.com][info] Start bulk optimization process! Scope: media-library
22-08-2022 08:56:27 [imartinovic.wppsbootcamp.com][info] Preparing to upload a file (/home/imartinovic/public_html/portfolio/wp-content/uploads/2022/08/trpkovic-pocetna.png) to a remote server (server_1).
22-08-2022 08:56:29 [imartinovic.wppsbootcamp.com][info] File successfully uploaded to remote server (server_1).
22-08-2022 08:56:29 [imartinovic.wppsbootcamp.com][info] Preparing to upload a file (/home/imartinovic/public_html/portfolio/wp-content/uploads/2022/08/trpkovic-pocetna-150x150.png) to a remote server (server_1).
22-08-2022 08:56:29 [imartinovic.wppsbootcamp.com][info] File successfully uploaded to remote server (server_1).
22-08-2022 08:56:29 [imartinovic.wppsbootcamp.com][info] Preparing to upload a file (/home/imartinovic/public_html/portfolio/wp-content/uploads/2022/08/trpkovic-pocetna-255x300.png) to a remote server (server_1).
22-08-2022 08:56:29 [imartinovic.wppsbootcamp.com][info] File successfully uploaded to remote server (server_1).
22-08-2022 08:56:29 [imartinovic.wppsbootcamp.com][debug] New queue created #17, attributes values: {&quot;server_id&quot;:null,&quot;object_id&quot;:&quot;258&quot;,&quot;object_name&quot;:&quot;&quot;,&quot;item_type&quot;:&quot;attachment&quot;,&quot;item_hash&quot;:null,&quot;item_hash_alternative&quot;:null,&quot;result_status&quot;:&quot;success&quot;,&quot;processing_level&quot;:&quot;normal&quot;,&quot;is_backed_up&quot;:true,&quot;original_size&quot;:1835434,&quot;final_size&quot;:526832,&quot;original_mime_type&quot;:&quot;image\/png&quot;,&quot;final_mime_type&quot;:&quot;image\/png&quot;,&quot;extra_data&quot;:&quot;{\&quot;thumbnails_count\&quot;:2,\&quot;original_main_size\&quot;:1713311,\&quot;class\&quot;:\&quot;RIO_Attachment_Extra_Data\&quot;}&quot;,&quot;created_at&quot;:1661158589}
22-08-2022 08:56:29 [imartinovic.wppsbootcamp.com][info] End bulk optimization process! Scope: media-library. Remain: 14
-------------------------------
22-08-2022 08:56:30 [imartinovic.wppsbootcamp.com][info] Start bulk optimization process! Scope: media-library
22-08-2022 08:56:30 [imartinovic.wppsbootcamp.com][info] Preparing to upload a file (/home/imartinovic/public_html/portfolio/wp-content/uploads/2022/08/trpkovic-recepti.png) to a remote server (server_1).
22-08-2022 08:56:32 [imartinovic.wppsbootcamp.com][info] File successfully uploaded to remote server (server_1).
22-08-2022 08:56:33 [imartinovic.wppsbootcamp.com][info] Preparing to upload a file (/home/imartinovic/public_html/portfolio/wp-content/uploads/2022/08/trpkovic-recepti-150x150.png) to a remote server (server_1).
22-08-2022 08:56:33 [imartinovic.wppsbootcamp.com][info] Preparing to upload a file (/home/imartinovic/public_html/portfolio/wp-content/uploads/2022/08/trpkovic-recepti-249x300.png) to a remote server (server_1).
22-08-2022 08:56:33 [imartinovic.wppsbootcamp.com][info] File successfully uploaded to remote server (server_1).
22-08-2022 08:56:33 [imartinovic.wppsbootcamp.com][debug] New queue created #18, attributes values: {&quot;server_id&quot;:null,&quot;object_id&quot;:&quot;259&quot;,&quot;object_name&quot;:&quot;&quot;,&quot;item_type&quot;:&quot;attachment&quot;,&quot;item_hash&quot;:null,&quot;item_hash_alternative&quot;:null,&quot;result_status&quot;:&quot;success&quot;,&quot;processing_level&quot;:&quot;normal&quot;,&quot;is_backed_up&quot;:true,&quot;original_size&quot;:1490212,&quot;final_size&quot;:412636,&quot;original_mime_type&quot;:&quot;image\/png&quot;,&quot;final_mime_type&quot;:&quot;image\/png&quot;,&quot;extra_data&quot;:&quot;{\&quot;thumbnails_count\&quot;:1,\&quot;original_main_size\&quot;:1414462,\&quot;class\&quot;:\&quot;RIO_Attachment_Extra_Data\&quot;}&quot;,&quot;created_at&quot;:1661158593}
22-08-2022 08:56:33 [imartinovic.wppsbootcamp.com][info] End bulk optimization process! Scope: media-library. Remain: 13
-------------------------------
22-08-2022 08:56:33 [imartinovic.wppsbootcamp.com][info] Start bulk optimization process! Scope: media-library
22-08-2022 08:56:34 [imartinovic.wppsbootcamp.com][info] Preparing to upload a file (/home/imartinovic/public_html/portfolio/wp-content/uploads/2022/08/wppsbootcamp-digitel-home.png) to a remote server (server_1).
22-08-2022 08:56:35 [imartinovic.wppsbootcamp.com][info] File successfully uploaded to remote server (server_1).
22-08-2022 08:56:35 [imartinovic.wppsbootcamp.com][info] Preparing to upload a file (/home/imartinovic/public_html/portfolio/wp-content/uploads/2022/08/wppsbootcamp-digitel-home-150x150.png) to a remote server (server_1).
22-08-2022 08:56:35 [imartinovic.wppsbootcamp.com][info] File successfully uploaded to remote server (server_1).
22-08-2022 08:56:35 [imartinovic.wppsbootcamp.com][info] Preparing to upload a file (/home/imartinovic/public_html/portfolio/wp-content/uploads/2022/08/wppsbootcamp-digitel-home-117x300.png) to a remote server (server_1).
22-08-2022 08:56:35 [imartinovic.wppsbootcamp.com][info] File successfully uploaded to remote server (server_1).
22-08-2022 08:56:35 [imartinovic.wppsbootcamp.com][debug] New queue created #19, attributes values: {&quot;server_id&quot;:null,&quot;object_id&quot;:&quot;270&quot;,&quot;object_name&quot;:&quot;&quot;,&quot;item_type&quot;:&quot;attachment&quot;,&quot;item_hash&quot;:null,&quot;item_hash_alternative&quot;:null,&quot;result_status&quot;:&quot;success&quot;,&quot;processing_level&quot;:&quot;normal&quot;,&quot;is_backed_up&quot;:true,&quot;original_size&quot;:2581029,&quot;final_size&quot;:219595,&quot;original_mime_type&quot;:&quot;image\/png&quot;,&quot;final_mime_type&quot;:&quot;image\/png&quot;,&quot;extra_data&quot;:&quot;{\&quot;thumbnails_count\&quot;:2,\&quot;original_main_size\&quot;:2519839,\&quot;class\&quot;:\&quot;RIO_Attachment_Extra_Data\&quot;}&quot;,&quot;created_at&quot;:1661158595}
22-08-2022 08:56:35 [imartinovic.wppsbootcamp.com][info] End bulk optimization process! Scope: media-library. Remain: 12
-------------------------------
22-08-2022 08:56:35 [imartinovic.wppsbootcamp.com][info] Start bulk optimization process! Scope: media-library
22-08-2022 08:56:35 [imartinovic.wppsbootcamp.com][info] Preparing to upload a file (/home/imartinovic/public_html/portfolio/wp-content/uploads/2022/08/wppsbootcamp-digitel-cart.png) to a remote server (server_1).
22-08-2022 08:56:36 [imartinovic.wppsbootcamp.com][info] File successfully uploaded to remote server (server_1).
22-08-2022 08:56:36 [imartinovic.wppsbootcamp.com][info] Preparing to upload a file (/home/imartinovic/public_html/portfolio/wp-content/uploads/2022/08/wppsbootcamp-digitel-cart-150x150.png) to a remote server (server_1).
22-08-2022 08:56:36 [imartinovic.wppsbootcamp.com][info] File successfully uploaded to remote server (server_1).
22-08-2022 08:56:36 [imartinovic.wppsbootcamp.com][info] Preparing to upload a file (/home/imartinovic/public_html/portfolio/wp-content/uploads/2022/08/wppsbootcamp-digitel-cart-300x247.png) to a remote server (server_1).
22-08-2022 08:56:36 [imartinovic.wppsbootcamp.com][info] File successfully uploaded to remote server (server_1).
22-08-2022 08:56:36 [imartinovic.wppsbootcamp.com][debug] New queue created #20, attributes values: {&quot;server_id&quot;:null,&quot;object_id&quot;:&quot;271&quot;,&quot;object_name&quot;:&quot;&quot;,&quot;item_type&quot;:&quot;attachment&quot;,&quot;item_hash&quot;:null,&quot;item_hash_alternative&quot;:null,&quot;result_status&quot;:&quot;success&quot;,&quot;processing_level&quot;:&quot;normal&quot;,&quot;is_backed_up&quot;:true,&quot;original_size&quot;:129419,&quot;final_size&quot;:36256,&quot;original_mime_type&quot;:&quot;image\/png&quot;,&quot;final_mime_type&quot;:&quot;image\/png&quot;,&quot;extra_data&quot;:&quot;{\&quot;thumbnails_count\&quot;:2,\&quot;original_main_size\&quot;:111919,\&quot;class\&quot;:\&quot;RIO_Attachment_Extra_Data\&quot;}&quot;,&quot;created_at&quot;:1661158596}
22-08-2022 08:56:36 [imartinovic.wppsbootcamp.com][info] End bulk optimization process! Scope: media-library. Remain: 11
-------------------------------
22-08-2022 08:56:36 [imartinovic.wppsbootcamp.com][info] Start bulk optimization process! Scope: media-library
22-08-2022 08:56:37 [imartinovic.wppsbootcamp.com][info] Preparing to upload a file (/home/imartinovic/public_html/portfolio/wp-content/uploads/2022/08/wppsbootcamp-digitel-contact.png) to a remote server (server_1).
22-08-2022 08:56:37 [imartinovic.wppsbootcamp.com][error] Error to optimize attachment (ID: #272). Message: &quot;Cannot copy from uploaded file&quot;
	-&gt; Attachment optimized? No
	-&gt; Should be resized? No
	-&gt; Original size: 754x1600
	-&gt; Relative path: 2022/08/wppsbootcamp-digitel-contact.png
	-&gt; Server used: server_1
	-&gt;  Additional sizes:
		-&gt; Type: medium, size: 141x300, MIME type: image/png
		-&gt; Type: large, size: 483x1024, MIME type: image/png
		-&gt; Type: thumbnail, size: 150x150, MIME type: image/png
		-&gt; Type: medium_large, size: 768x1629, MIME type: image/png
		-&gt; Type: 1536x1536, size: 724x1536, MIME type: image/png
		-&gt; Type: 2048x2048, size: 965x2048, MIME type: image/png

22-08-2022 08:56:37 [imartinovic.wppsbootcamp.com][debug] New queue created #21, attributes values: {&quot;server_id&quot;:null,&quot;object_id&quot;:&quot;272&quot;,&quot;object_name&quot;:&quot;&quot;,&quot;item_type&quot;:&quot;attachment&quot;,&quot;item_hash&quot;:null,&quot;item_hash_alternative&quot;:null,&quot;result_status&quot;:&quot;error&quot;,&quot;processing_level&quot;:&quot;normal&quot;,&quot;is_backed_up&quot;:true,&quot;original_size&quot;:0,&quot;final_size&quot;:0,&quot;original_mime_type&quot;:&quot;&quot;,&quot;final_mime_type&quot;:&quot;&quot;,&quot;extra_data&quot;:&quot;{\&quot;error\&quot;:\&quot;optimization\&quot;,\&quot;error_msg\&quot;:\&quot;Cannot copy from uploaded file\&quot;,\&quot;class\&quot;:\&quot;RIO_Attachment_Extra_Data\&quot;}&quot;,&quot;created_at&quot;:1661158597}
22-08-2022 08:56:37 [imartinovic.wppsbootcamp.com][error] Failed to process (url: https://imartinovic.wppsbootcamp.com/portfolio/wp-content/uploads/2022/08/wppsbootcamp-digitel-contact.png, path: /home/imartinovic/public_html/portfolio/wp-content/uploads/2022/08/wppsbootcamp-digitel-contact.png, quality: 90) as error was returned: Cannot copy from uploaded file
22-08-2022 08:56:37 [imartinovic.wppsbootcamp.com][info] End bulk optimization process! Scope: media-library. Remain: 10
-------------------------------
22-08-2022 08:56:37 [imartinovic.wppsbootcamp.com][info] Start bulk optimization process! Scope: media-library
22-08-2022 08:56:37 [imartinovic.wppsbootcamp.com][info] Preparing to upload a file (/home/imartinovic/public_html/portfolio/wp-content/uploads/2022/08/wppsbootcamp-digitel-product-high-volume-aerosol-samplers.png) to a remote server (server_1).
22-08-2022 08:56:39 [imartinovic.wppsbootcamp.com][info] File successfully uploaded to remote server (server_1).
22-08-2022 08:56:39 [imartinovic.wppsbootcamp.com][info] Preparing to upload a file (/home/imartinovic/public_html/portfolio/wp-content/uploads/2022/08/wppsbootcamp-digitel-product-high-volume-aerosol-samplers-150x150.png) to a remote server (server_1).
22-08-2022 08:56:39 [imartinovic.wppsbootcamp.com][info] File successfully uploaded to remote server (server_1).
22-08-2022 08:56:39 [imartinovic.wppsbootcamp.com][info] Preparing to upload a file (/home/imartinovic/public_html/portfolio/wp-content/uploads/2022/08/wppsbootcamp-digitel-product-high-volume-aerosol-samplers-197x300.png) to a remote server (server_1).
22-08-2022 08:56:39 [imartinovic.wppsbootcamp.com][info] File successfully uploaded to remote server (server_1).
22-08-2022 08:56:39 [imartinovic.wppsbootcamp.com][debug] New queue created #22, attributes values: {&quot;server_id&quot;:null,&quot;object_id&quot;:&quot;273&quot;,&quot;object_name&quot;:&quot;&quot;,&quot;item_type&quot;:&quot;attachment&quot;,&quot;item_hash&quot;:null,&quot;item_hash_alternative&quot;:null,&quot;result_status&quot;:&quot;success&quot;,&quot;processing_level&quot;:&quot;normal&quot;,&quot;is_backed_up&quot;:true,&quot;original_size&quot;:731258,&quot;final_size&quot;:177437,&quot;original_mime_type&quot;:&quot;image\/png&quot;,&quot;final_mime_type&quot;:&quot;image\/png&quot;,&quot;extra_data&quot;:&quot;{\&quot;thumbnails_count\&quot;:2,\&quot;original_main_size\&quot;:686785,\&quot;class\&quot;:\&quot;RIO_Attachment_Extra_Data\&quot;}&quot;,&quot;created_at&quot;:1661158599}
22-08-2022 08:56:39 [imartinovic.wppsbootcamp.com][info] End bulk optimization process! Scope: media-library. Remain: 9
-------------------------------
22-08-2022 08:56:39 [imartinovic.wppsbootcamp.com][info] Start bulk optimization process! Scope: media-library
22-08-2022 08:56:39 [imartinovic.wppsbootcamp.com][info] Preparing to upload a file (/home/imartinovic/public_html/portfolio/wp-content/uploads/2022/08/wppsbootcamp-digitel-services.png) to a remote server (server_1).
22-08-2022 08:56:39 [imartinovic.wppsbootcamp.com][info] File successfully uploaded to remote server (server_1).
22-08-2022 08:56:40 [imartinovic.wppsbootcamp.com][info] Preparing to upload a file (/home/imartinovic/public_html/portfolio/wp-content/uploads/2022/08/wppsbootcamp-digitel-services-150x150.png) to a remote server (server_1).
22-08-2022 08:56:40 [imartinovic.wppsbootcamp.com][info] File successfully uploaded to remote server (server_1).
22-08-2022 08:56:40 [imartinovic.wppsbootcamp.com][info] Preparing to upload a file (/home/imartinovic/public_html/portfolio/wp-content/uploads/2022/08/wppsbootcamp-digitel-services-300x218.png) to a remote server (server_1).
22-08-2022 08:56:40 [imartinovic.wppsbootcamp.com][info] File successfully uploaded to remote server (server_1).
22-08-2022 08:56:40 [imartinovic.wppsbootcamp.com][debug] New queue created #23, attributes values: {&quot;server_id&quot;:null,&quot;object_id&quot;:&quot;275&quot;,&quot;object_name&quot;:&quot;&quot;,&quot;item_type&quot;:&quot;attachment&quot;,&quot;item_hash&quot;:null,&quot;item_hash_alternative&quot;:null,&quot;result_status&quot;:&quot;success&quot;,&quot;processing_level&quot;:&quot;normal&quot;,&quot;is_backed_up&quot;:true,&quot;original_size&quot;:140726,&quot;final_size&quot;:43736,&quot;original_mime_type&quot;:&quot;image\/png&quot;,&quot;final_mime_type&quot;:&quot;image\/png&quot;,&quot;extra_data&quot;:&quot;{\&quot;thumbnails_count\&quot;:2,\&quot;original_main_size\&quot;:111016,\&quot;class\&quot;:\&quot;RIO_Attachment_Extra_Data\&quot;}&quot;,&quot;created_at&quot;:1661158600}
22-08-2022 08:56:40 [imartinovic.wppsbootcamp.com][info] End bulk optimization process! Scope: media-library. Remain: 8
-------------------------------
22-08-2022 08:56:40 [imartinovic.wppsbootcamp.com][info] Start bulk optimization process! Scope: media-library
22-08-2022 08:56:41 [imartinovic.wppsbootcamp.com][info] Preparing to upload a file (/home/imartinovic/public_html/portfolio/wp-content/uploads/2022/08/wppsbootcamp-digitel-shop.png) to a remote server (server_1).
22-08-2022 08:56:42 [imartinovic.wppsbootcamp.com][info] File successfully uploaded to remote server (server_1).
22-08-2022 08:56:42 [imartinovic.wppsbootcamp.com][info] Preparing to upload a file (/home/imartinovic/public_html/portfolio/wp-content/uploads/2022/08/wppsbootcamp-digitel-shop-150x150.png) to a remote server (server_1).
22-08-2022 08:56:42 [imartinovic.wppsbootcamp.com][info] File successfully uploaded to remote server (server_1).
22-08-2022 08:56:42 [imartinovic.wppsbootcamp.com][info] Preparing to upload a file (/home/imartinovic/public_html/portfolio/wp-content/uploads/2022/08/wppsbootcamp-digitel-shop-245x300.png) to a remote server (server_1).
22-08-2022 08:56:42 [imartinovic.wppsbootcamp.com][info] File successfully uploaded to remote server (server_1).
22-08-2022 08:56:42 [imartinovic.wppsbootcamp.com][debug] New queue created #24, attributes values: {&quot;server_id&quot;:null,&quot;object_id&quot;:&quot;276&quot;,&quot;object_name&quot;:&quot;&quot;,&quot;item_type&quot;:&quot;attachment&quot;,&quot;item_hash&quot;:null,&quot;item_hash_alternative&quot;:null,&quot;result_status&quot;:&quot;success&quot;,&quot;processing_level&quot;:&quot;normal&quot;,&quot;is_backed_up&quot;:true,&quot;original_size&quot;:1043065,&quot;final_size&quot;:310856,&quot;original_mime_type&quot;:&quot;image\/png&quot;,&quot;final_mime_type&quot;:&quot;image\/png&quot;,&quot;extra_data&quot;:&quot;{\&quot;thumbnails_count\&quot;:2,\&quot;original_main_size\&quot;:979598,\&quot;class\&quot;:\&quot;RIO_Attachment_Extra_Data\&quot;}&quot;,&quot;created_at&quot;:1661158602}
22-08-2022 08:56:42 [imartinovic.wppsbootcamp.com][info] End bulk optimization process! Scope: media-library. Remain: 7
-------------------------------
22-08-2022 08:56:43 [imartinovic.wppsbootcamp.com][info] Start bulk optimization process! Scope: media-library
22-08-2022 08:56:43 [imartinovic.wppsbootcamp.com][info] Preparing to upload a file (/home/imartinovic/public_html/portfolio/wp-content/uploads/2022/08/wppsbootcamp-digitel-solutions.png) to a remote server (server_1).
22-08-2022 08:56:44 [imartinovic.wppsbootcamp.com][info] File successfully uploaded to remote server (server_1).
22-08-2022 08:56:45 [imartinovic.wppsbootcamp.com][info] Preparing to upload a file (/home/imartinovic/public_html/portfolio/wp-content/uploads/2022/08/wppsbootcamp-digitel-solutions-150x150.png) to a remote server (server_1).
22-08-2022 08:56:45 [imartinovic.wppsbootcamp.com][info] File successfully uploaded to remote server (server_1).
22-08-2022 08:56:45 [imartinovic.wppsbootcamp.com][info] Preparing to upload a file (/home/imartinovic/public_html/portfolio/wp-content/uploads/2022/08/wppsbootcamp-digitel-solutions-249x300.png) to a remote server (server_1).
22-08-2022 08:56:45 [imartinovic.wppsbootcamp.com][info] File successfully uploaded to remote server (server_1).
22-08-2022 08:56:45 [imartinovic.wppsbootcamp.com][debug] New queue created #25, attributes values: {&quot;server_id&quot;:null,&quot;object_id&quot;:&quot;277&quot;,&quot;object_name&quot;:&quot;&quot;,&quot;item_type&quot;:&quot;attachment&quot;,&quot;item_hash&quot;:null,&quot;item_hash_alternative&quot;:null,&quot;result_status&quot;:&quot;success&quot;,&quot;processing_level&quot;:&quot;normal&quot;,&quot;is_backed_up&quot;:true,&quot;original_size&quot;:1227319,&quot;final_size&quot;:322864,&quot;original_mime_type&quot;:&quot;image\/png&quot;,&quot;final_mime_type&quot;:&quot;image\/png&quot;,&quot;extra_data&quot;:&quot;{\&quot;thumbnails_count\&quot;:2,\&quot;original_main_size\&quot;:1142125,\&quot;class\&quot;:\&quot;RIO_Attachment_Extra_Data\&quot;}&quot;,&quot;created_at&quot;:1661158605}
22-08-2022 08:56:45 [imartinovic.wppsbootcamp.com][info] End bulk optimization process! Scope: media-library. Remain: 6
-------------------------------
22-08-2022 08:56:45 [imartinovic.wppsbootcamp.com][info] Start bulk optimization process! Scope: media-library
22-08-2022 08:56:45 [imartinovic.wppsbootcamp.com][info] Preparing to upload a file (/home/imartinovic/public_html/portfolio/wp-content/uploads/2022/08/digitel-featured.png) to a remote server (server_1).
22-08-2022 08:56:46 [imartinovic.wppsbootcamp.com][info] File successfully uploaded to remote server (server_1).
22-08-2022 08:56:46 [imartinovic.wppsbootcamp.com][info] Preparing to upload a file (/home/imartinovic/public_html/portfolio/wp-content/uploads/2022/08/digitel-featured-150x150.png) to a remote server (server_1).
22-08-2022 08:56:46 [imartinovic.wppsbootcamp.com][info] File successfully uploaded to remote server (server_1).
22-08-2022 08:56:46 [imartinovic.wppsbootcamp.com][info] Preparing to upload a file (/home/imartinovic/public_html/portfolio/wp-content/uploads/2022/08/digitel-featured-300x265.png) to a remote server (server_1).
22-08-2022 08:56:46 [imartinovic.wppsbootcamp.com][info] File successfully uploaded to remote server (server_1).
22-08-2022 08:56:46 [imartinovic.wppsbootcamp.com][debug] New queue created #26, attributes values: {&quot;server_id&quot;:null,&quot;object_id&quot;:&quot;291&quot;,&quot;object_name&quot;:&quot;&quot;,&quot;item_type&quot;:&quot;attachment&quot;,&quot;item_hash&quot;:null,&quot;item_hash_alternative&quot;:null,&quot;result_status&quot;:&quot;success&quot;,&quot;processing_level&quot;:&quot;normal&quot;,&quot;is_backed_up&quot;:true,&quot;original_size&quot;:452191,&quot;final_size&quot;:137241,&quot;original_mime_type&quot;:&quot;image\/png&quot;,&quot;final_mime_type&quot;:&quot;image\/png&quot;,&quot;extra_data&quot;:&quot;{\&quot;thumbnails_count\&quot;:2,\&quot;original_main_size\&quot;:328096,\&quot;class\&quot;:\&quot;RIO_Attachment_Extra_Data\&quot;}&quot;,&quot;created_at&quot;:1661158606}
22-08-2022 08:56:47 [imartinovic.wppsbootcamp.com][info] End bulk optimization process! Scope: media-library. Remain: 5
-------------------------------
22-08-2022 08:56:47 [imartinovic.wppsbootcamp.com][info] Start bulk optimization process! Scope: media-library
22-08-2022 08:56:47 [imartinovic.wppsbootcamp.com][info] Preparing to upload a file (/home/imartinovic/public_html/portfolio/wp-content/uploads/2022/08/trpkovic-featured.png) to a remote server (server_1).
22-08-2022 08:56:47 [imartinovic.wppsbootcamp.com][info] File successfully uploaded to remote server (server_1).
22-08-2022 08:56:47 [imartinovic.wppsbootcamp.com][info] Preparing to upload a file (/home/imartinovic/public_html/portfolio/wp-content/uploads/2022/08/trpkovic-featured-150x150.png) to a remote server (server_1).
22-08-2022 08:56:48 [imartinovic.wppsbootcamp.com][info] File successfully uploaded to remote server (server_1).
22-08-2022 08:56:48 [imartinovic.wppsbootcamp.com][info] Preparing to upload a file (/home/imartinovic/public_html/portfolio/wp-content/uploads/2022/08/trpkovic-featured-300x293.png) to a remote server (server_1).
22-08-2022 08:56:48 [imartinovic.wppsbootcamp.com][info] File successfully uploaded to remote server (server_1).
22-08-2022 08:56:48 [imartinovic.wppsbootcamp.com][debug] New queue created #27, attributes values: {&quot;server_id&quot;:null,&quot;object_id&quot;:&quot;292&quot;,&quot;object_name&quot;:&quot;&quot;,&quot;item_type&quot;:&quot;attachment&quot;,&quot;item_hash&quot;:null,&quot;item_hash_alternative&quot;:null,&quot;result_status&quot;:&quot;success&quot;,&quot;processing_level&quot;:&quot;normal&quot;,&quot;is_backed_up&quot;:true,&quot;original_size&quot;:447287,&quot;final_size&quot;:143847,&quot;original_mime_type&quot;:&quot;image\/png&quot;,&quot;final_mime_type&quot;:&quot;image\/png&quot;,&quot;extra_data&quot;:&quot;{\&quot;thumbnails_count\&quot;:2,\&quot;original_main_size\&quot;:320784,\&quot;class\&quot;:\&quot;RIO_Attachment_Extra_Data\&quot;}&quot;,&quot;created_at&quot;:1661158608}
22-08-2022 08:56:48 [imartinovic.wppsbootcamp.com][info] End bulk optimization process! Scope: media-library. Remain: 4
-------------------------------
22-08-2022 08:56:48 [imartinovic.wppsbootcamp.com][info] Start bulk optimization process! Scope: media-library
22-08-2022 08:56:48 [imartinovic.wppsbootcamp.com][info] Preparing to upload a file (/home/imartinovic/public_html/portfolio/wp-content/uploads/2022/08/intergalactic-featured.png) to a remote server (server_1).
22-08-2022 08:56:49 [imartinovic.wppsbootcamp.com][info] File successfully uploaded to remote server (server_1).
22-08-2022 08:56:49 [imartinovic.wppsbootcamp.com][info] Preparing to upload a file (/home/imartinovic/public_html/portfolio/wp-content/uploads/2022/08/intergalactic-featured-150x150.png) to a remote server (server_1).
22-08-2022 08:56:49 [imartinovic.wppsbootcamp.com][info] File successfully uploaded to remote server (server_1).
22-08-2022 08:56:49 [imartinovic.wppsbootcamp.com][info] Preparing to upload a file (/home/imartinovic/public_html/portfolio/wp-content/uploads/2022/08/intergalactic-featured-300x280.png) to a remote server (server_1).
22-08-2022 08:56:50 [imartinovic.wppsbootcamp.com][info] File successfully uploaded to remote server (server_1).
22-08-2022 08:56:50 [imartinovic.wppsbootcamp.com][debug] New queue created #28, attributes values: {&quot;server_id&quot;:null,&quot;object_id&quot;:&quot;294&quot;,&quot;object_name&quot;:&quot;&quot;,&quot;item_type&quot;:&quot;attachment&quot;,&quot;item_hash&quot;:null,&quot;item_hash_alternative&quot;:null,&quot;result_status&quot;:&quot;success&quot;,&quot;processing_level&quot;:&quot;normal&quot;,&quot;is_backed_up&quot;:true,&quot;original_size&quot;:786987,&quot;final_size&quot;:201516,&quot;original_mime_type&quot;:&quot;image\/png&quot;,&quot;final_mime_type&quot;:&quot;image\/png&quot;,&quot;extra_data&quot;:&quot;{\&quot;thumbnails_count\&quot;:2,\&quot;original_main_size\&quot;:627076,\&quot;class\&quot;:\&quot;RIO_Attachment_Extra_Data\&quot;}&quot;,&quot;created_at&quot;:1661158610}
22-08-2022 08:56:50 [imartinovic.wppsbootcamp.com][info] End bulk optimization process! Scope: media-library. Remain: 3
-------------------------------
22-08-2022 08:56:50 [imartinovic.wppsbootcamp.com][info] Start bulk optimization process! Scope: media-library
22-08-2022 08:56:50 [imartinovic.wppsbootcamp.com][info] Preparing to upload a file (/home/imartinovic/public_html/portfolio/wp-content/uploads/2022/08/Minimalist-logo.png) to a remote server (server_1).
22-08-2022 08:56:50 [imartinovic.wppsbootcamp.com][info] File successfully uploaded to remote server (server_1).
22-08-2022 08:56:50 [imartinovic.wppsbootcamp.com][info] Preparing to upload a file (/home/imartinovic/public_html/portfolio/wp-content/uploads/2022/08/Minimalist-logo-150x150.png) to a remote server (server_1).
22-08-2022 08:56:50 [imartinovic.wppsbootcamp.com][info] File successfully uploaded to remote server (server_1).
22-08-2022 08:56:50 [imartinovic.wppsbootcamp.com][info] Preparing to upload a file (/home/imartinovic/public_html/portfolio/wp-content/uploads/2022/08/Minimalist-logo-300x300.png) to a remote server (server_1).
22-08-2022 08:56:50 [imartinovic.wppsbootcamp.com][info] File successfully uploaded to remote server (server_1).
22-08-2022 08:56:50 [imartinovic.wppsbootcamp.com][debug] New queue created #29, attributes values: {&quot;server_id&quot;:null,&quot;object_id&quot;:&quot;330&quot;,&quot;object_name&quot;:&quot;&quot;,&quot;item_type&quot;:&quot;attachment&quot;,&quot;item_hash&quot;:null,&quot;item_hash_alternative&quot;:null,&quot;result_status&quot;:&quot;success&quot;,&quot;processing_level&quot;:&quot;normal&quot;,&quot;is_backed_up&quot;:true,&quot;original_size&quot;:30887,&quot;final_size&quot;:13927,&quot;original_mime_type&quot;:&quot;image\/png&quot;,&quot;final_mime_type&quot;:&quot;image\/png&quot;,&quot;extra_data&quot;:&quot;{\&quot;thumbnails_count\&quot;:2,\&quot;original_main_size\&quot;:16826,\&quot;class\&quot;:\&quot;RIO_Attachment_Extra_Data\&quot;}&quot;,&quot;created_at&quot;:1661158610}
22-08-2022 08:56:50 [imartinovic.wppsbootcamp.com][info] End bulk optimization process! Scope: media-library. Remain: 2
-------------------------------
22-08-2022 08:56:50 [imartinovic.wppsbootcamp.com][info] Start bulk optimization process! Scope: media-library
22-08-2022 08:56:50 [imartinovic.wppsbootcamp.com][info] Preparing to upload a file (/home/imartinovic/public_html/portfolio/wp-content/uploads/2022/08/cropped-Minimalist-logo.png) to a remote server (server_1).
22-08-2022 08:56:51 [imartinovic.wppsbootcamp.com][info] File successfully uploaded to remote server (server_1).
22-08-2022 08:56:51 [imartinovic.wppsbootcamp.com][info] Preparing to upload a file (/home/imartinovic/public_html/portfolio/wp-content/uploads/2022/08/cropped-Minimalist-logo-150x150.png) to a remote server (server_1).
22-08-2022 08:56:51 [imartinovic.wppsbootcamp.com][info] File successfully uploaded to remote server (server_1).
22-08-2022 08:56:51 [imartinovic.wppsbootcamp.com][info] Preparing to upload a file (/home/imartinovic/public_html/portfolio/wp-content/uploads/2022/08/cropped-Minimalist-logo-300x100.png) to a remote server (server_1).
22-08-2022 08:56:51 [imartinovic.wppsbootcamp.com][info] File successfully uploaded to remote server (server_1).
22-08-2022 08:56:51 [imartinovic.wppsbootcamp.com][debug] New queue created #30, attributes values: {&quot;server_id&quot;:null,&quot;object_id&quot;:&quot;331&quot;,&quot;object_name&quot;:&quot;&quot;,&quot;item_type&quot;:&quot;attachment&quot;,&quot;item_hash&quot;:null,&quot;item_hash_alternative&quot;:null,&quot;result_status&quot;:&quot;success&quot;,&quot;processing_level&quot;:&quot;normal&quot;,&quot;is_backed_up&quot;:true,&quot;original_size&quot;:33223,&quot;final_size&quot;:14947,&quot;original_mime_type&quot;:&quot;image\/png&quot;,&quot;final_mime_type&quot;:&quot;image\/png&quot;,&quot;extra_data&quot;:&quot;{\&quot;thumbnails_count\&quot;:2,\&quot;original_main_size\&quot;:13557,\&quot;class\&quot;:\&quot;RIO_Attachment_Extra_Data\&quot;}&quot;,&quot;created_at&quot;:1661158611}
22-08-2022 08:56:51 [imartinovic.wppsbootcamp.com][info] End bulk optimization process! Scope: media-library. Remain: 1
-------------------------------
22-08-2022 08:56:51 [imartinovic.wppsbootcamp.com][info] Start bulk optimization process! Scope: media-library
22-08-2022 08:56:51 [imartinovic.wppsbootcamp.com][info] Preparing to upload a file (/home/imartinovic/public_html/portfolio/wp-content/uploads/2022/08/o-autoru-1.png) to a remote server (server_1).
22-08-2022 08:56:51 [imartinovic.wppsbootcamp.com][info] File successfully uploaded to remote server (server_1).
22-08-2022 08:56:52 [imartinovic.wppsbootcamp.com][info] Preparing to upload a file (/home/imartinovic/public_html/portfolio/wp-content/uploads/2022/08/o-autoru-1-150x150.png) to a remote server (server_1).
22-08-2022 08:56:52 [imartinovic.wppsbootcamp.com][info] File successfully uploaded to remote server (server_1).
22-08-2022 08:56:52 [imartinovic.wppsbootcamp.com][info] Preparing to upload a file (/home/imartinovic/public_html/portfolio/wp-content/uploads/2022/08/o-autoru-1-300x300.png) to a remote server (server_1).
22-08-2022 08:56:52 [imartinovic.wppsbootcamp.com][info] File successfully uploaded to remote server (server_1).
22-08-2022 08:56:52 [imartinovic.wppsbootcamp.com][debug] New queue created #31, attributes values: {&quot;server_id&quot;:null,&quot;object_id&quot;:&quot;354&quot;,&quot;object_name&quot;:&quot;&quot;,&quot;item_type&quot;:&quot;attachment&quot;,&quot;item_hash&quot;:null,&quot;item_hash_alternative&quot;:null,&quot;result_status&quot;:&quot;success&quot;,&quot;processing_level&quot;:&quot;normal&quot;,&quot;is_backed_up&quot;:true,&quot;original_size&quot;:430253,&quot;final_size&quot;:144046,&quot;original_mime_type&quot;:&quot;image\/png&quot;,&quot;final_mime_type&quot;:&quot;image\/png&quot;,&quot;extra_data&quot;:&quot;{\&quot;thumbnails_count\&quot;:2,\&quot;original_main_size\&quot;:259504,\&quot;class\&quot;:\&quot;RIO_Attachment_Extra_Data\&quot;}&quot;,&quot;created_at&quot;:1661158612}
22-08-2022 08:56:52 [imartinovic.wppsbootcamp.com][info] End bulk optimization process! Scope: media-library. Remain: 0
-------------------------------
22-08-2022 08:57:47 [imartinovic.wppsbootcamp.com][info] Parent plugin start deactivation!
22-08-2022 08:57:47 [imartinovic.wppsbootcamp.com][info] Parent plugin deactivation complete!
-------------------------------